<?xml version="1.0" encoding="UTF-8"?>
<robot generator="Robot 7.0 (Python 3.12.3 on win32)" generated="2024-06-03T07:44:19.875892" rpa="false" schemaversion="5">
<suite id="s1" name="Player" source="C:\Robot\projects\parodify-robot\player.robot">
<test id="s1-t1" name="Deve tocar uma musica" line="8">
<kw name="Start session" type="SETUP">
<kw name="New Browser" owner="Browser">
<msg time="2024-06-03T07:44:30.460568" level="INFO">{"browser": "chromium", "headless": false, "chromiumSandbox": false, "devtools": false, "handleSIGHUP": true, "handleSIGINT": true, "handleSIGTERM": true, "slowMo": 0.0, "timeout": 30000.0, "tracesDir": "C:\\Robot\\projects\\parodify-robot\\logs\\browser\\traces\\7a127fc0-bb43-4d1c-9160-c419227b4ad6"}</msg>
<msg time="2024-06-03T07:44:46.703649" level="INFO">Successfully created browser with options: {"browser":"chromium","headless":false,"chromiumSandbox":false,"devtools":false,"handleSIGHUP":true,"handleSIGINT":true,"handleSIGTERM":true,"slowMo":0,"timeout":30000,"tracesDir":"C:\\Robot\\projects\\parodify-robot\\logs\\browser\\traces\\7a127fc0-bb43-4d1c-9160-c419227b4ad6"}</msg>
<arg>browser=chromium</arg>
<arg>headless=False</arg>
<tag>BrowserControl</tag>
<tag>Setter</tag>
<doc>Create a new playwright Browser with specified options.</doc>
<status status="PASS" start="2024-06-03T07:44:30.460568" elapsed="16.243081"/>
</kw>
<kw name="New Page" owner="Browser">
<msg time="2024-06-03T07:45:13.359810" level="INFO">Successfully initialized new page object and opened url: about:black</msg>
<msg time="2024-06-03T07:45:13.359810" level="INFO">No context was open. New context was automatically opened when this page is created.</msg>
<arg>about:black</arg>
<tag>BrowserControl</tag>
<tag>Setter</tag>
<doc>Open a new Page.</doc>
<status status="PASS" start="2024-06-03T07:44:46.703649" elapsed="26.656161"/>
</kw>
<status status="PASS" start="2024-06-03T07:44:30.460568" elapsed="42.899242"/>
</kw>
<kw name="Set Variable" owner="BuiltIn">
<msg time="2024-06-03T07:45:13.359810" level="INFO">${song_name} = Smells like Test Script</msg>
<var>${song_name}</var>
<arg>Smells like Test Script</arg>
<doc>Returns the given values which can then be assigned to a variables.</doc>
<status status="PASS" start="2024-06-03T07:45:13.359810" elapsed="0.000000"/>
</kw>
<kw name="Mock My Song" owner="Browser">
<msg time="2024-06-03T07:45:13.686545" level="INFO">ok</msg>
<doc>TODO: Add rfdoc string to exposed function to create documentation</doc>
<status status="PASS" start="2024-06-03T07:45:13.359810" elapsed="0.326735"/>
</kw>
<kw name="Go To" owner="Browser">
<msg time="2024-06-03T07:45:19.156858" level="INFO">Successfully opened URL https://parodify.vercel.app</msg>
<arg>https://parodify.vercel.app</arg>
<tag>BrowserControl</tag>
<tag>Setter</tag>
<doc>Navigates to the given ``url``.</doc>
<status status="PASS" start="2024-06-03T07:45:13.686545" elapsed="5.470313"/>
</kw>
<kw name="Get Text" owner="Browser">
<msg time="2024-06-03T07:45:19.712538" level="INFO">Text: 'Fernando Papito'</msg>
<arg>css=.logged-user</arg>
<arg>contains</arg>
<arg>Fernando Papito</arg>
<tag>Assertion</tag>
<tag>Getter</tag>
<tag>PageContent</tag>
<doc>Returns text attribute of the element found by ``selector``.</doc>
<status status="PASS" start="2024-06-03T07:45:19.156858" elapsed="0.555680"/>
</kw>
<kw name="Get play button">
<kw name="Set Variable" owner="BuiltIn">
<msg time="2024-06-03T07:45:19.712538" level="INFO">${play} = xpath=//div[contains(@class, "song")]//h6[text()="Smells like Test Script"]/..//button[contains(@class, "play")]</msg>
<var>${play}</var>
<arg>xpath=//div[contains(@class, "song")]//h6[text()="${song_name}"]/..//button[contains(@class, "play")]</arg>
<doc>Returns the given values which can then be assigned to a variables.</doc>
<status status="PASS" start="2024-06-03T07:45:19.712538" elapsed="0.000000"/>
</kw>
<return>
<value>${play}</value>
<status status="PASS" start="2024-06-03T07:45:19.712538" elapsed="0.000000"/>
</return>
<msg time="2024-06-03T07:45:19.712538" level="INFO">${play} = xpath=//div[contains(@class, "song")]//h6[text()="Smells like Test Script"]/..//button[contains(@class, "play")]</msg>
<var>${play}</var>
<arg>${song_name}</arg>
<status status="PASS" start="2024-06-03T07:45:19.712538" elapsed="0.000000"/>
</kw>
<kw name="Get pause button">
<kw name="Set Variable" owner="BuiltIn">
<msg time="2024-06-03T07:45:19.712538" level="INFO">${pause} = xpath=//div[contains(@class, "song")]//h6[text()="Smells like Test Script"]/..//button[contains(@class, "pause")]</msg>
<var>${pause}</var>
<arg>xpath=//div[contains(@class, "song")]//h6[text()="${song_name}"]/..//button[contains(@class, "pause")]</arg>
<doc>Returns the given values which can then be assigned to a variables.</doc>
<status status="PASS" start="2024-06-03T07:45:19.712538" elapsed="0.000000"/>
</kw>
<return>
<value>${pause}</value>
<status status="PASS" start="2024-06-03T07:45:19.712538" elapsed="0.000000"/>
</return>
<msg time="2024-06-03T07:45:19.712538" level="INFO">${pause} = xpath=//div[contains(@class, "song")]//h6[text()="Smells like Test Script"]/..//button[contains(@class, "pause")]</msg>
<var>${pause}</var>
<arg>${song_name}</arg>
<status status="PASS" start="2024-06-03T07:45:19.712538" elapsed="0.000000"/>
</kw>
<kw name="Click" owner="Browser">
<msg time="2024-06-03T07:45:19.712538" level="INFO">Clicks the element 'xpath=//div[contains(@class, "song")]//h6[text()="Smells like Test Script"]/..//button[contains(@class, "play")]'.</msg>
<msg time="2024-06-03T07:45:30.545468" level="INFO" html="true">&lt;/td&gt;&lt;/tr&gt;&lt;tr&gt;&lt;td colspan="3"&gt;&lt;a href="browser/screenshot/fail-screenshot-1.png" target="_blank"&gt;&lt;img src="browser/screenshot/fail-screenshot-1.png" width="800px"/&gt;&lt;/a&gt;</msg>
<msg time="2024-06-03T07:45:30.545468" level="INFO">See also file:///C:/Robot/projects/parodify-robot/logs/playwright-log.txt for additional details.</msg>
<msg time="2024-06-03T07:45:30.563787" level="FAIL">TimeoutError: locator.click: Timeout 10000ms exceeded.
Call log:
  [2m- waiting for locator('//div[contains(@class, "song")]//h6[text()="Smells like Test Script"]/..//button[contains(@class, "play")]')[22m

Tip: Use "Set Browser Timeout" for increasing the timeout or double check your locator as the targeted element(s) couldn't be found.</msg>
<arg>${play}</arg>
<tag>PageContent</tag>
<tag>Setter</tag>
<doc>Simulates mouse click on the element found by ``selector``.</doc>
<status status="FAIL" start="2024-06-03T07:45:19.712538" elapsed="11.494059">TimeoutError: locator.click: Timeout 10000ms exceeded.
Call log:
  [2m- waiting for locator('//div[contains(@class, "song")]//h6[text()="Smells like Test Script"]/..//button[contains(@class, "play")]')[22m

Tip: Use "Set Browser Timeout" for increasing the timeout or double check your locator as the targeted element(s) couldn't be found.</status>
</kw>
<kw name="Wait For Elements State" owner="Browser">
<arg>${pause}</arg>
<arg>visible</arg>
<arg>2</arg>
<tag>PageContent</tag>
<tag>Wait</tag>
<doc>Waits for the element found by ``selector`` to satisfy state option.</doc>
<status status="NOT RUN" start="2024-06-03T07:45:31.206597" elapsed="0.000000"/>
</kw>
<kw name="Wait For Elements State" owner="Browser">
<arg>${play}</arg>
<arg>visible</arg>
<arg>7</arg>
<tag>PageContent</tag>
<tag>Wait</tag>
<doc>Waits for the element found by ``selector`` to satisfy state option.</doc>
<status status="NOT RUN" start="2024-06-03T07:45:31.222131" elapsed="0.000000"/>
</kw>
<kw name="Finish session" type="TEARDOWN">
<kw name="Take Screenshot" owner="Browser">
<msg time="2024-06-03T07:45:31.454607" level="INFO" html="true">&lt;/td&gt;&lt;/tr&gt;&lt;tr&gt;&lt;td colspan="3"&gt;&lt;a href="browser/screenshot/robotframework-browser-screenshot-1.png" target="_blank"&gt;&lt;img src="browser/screenshot/robotframework-browser-screenshot-1.png" width="800px"/&gt;&lt;/a&gt;</msg>
<tag>PageContent</tag>
<doc>Takes a screenshot of the current window or element and saves it to disk.</doc>
<status status="PASS" start="2024-06-03T07:45:31.222131" elapsed="0.232476"/>
</kw>
<status status="PASS" start="2024-06-03T07:45:31.222131" elapsed="0.240215"/>
</kw>
<status status="FAIL" start="2024-06-03T07:44:30.460568" elapsed="61.001778">TimeoutError: locator.click: Timeout 10000ms exceeded.
Call log:
  [2m- waiting for locator('//div[contains(@class, "song")]//h6[text()="Smells like Test Script"]/..//button[contains(@class, "play")]')[22m

Tip: Use "Set Browser Timeout" for increasing the timeout or double check your locator as the targeted element(s) couldn't be found.</status>
</test>
<status status="FAIL" start="2024-06-03T07:44:19.875892" elapsed="71.956070"/>
</suite>
<statistics>
<total>
<stat pass="0" fail="1" skip="0">All Tests</stat>
</total>
<tag>
</tag>
<suite>
<stat pass="0" fail="1" skip="0" id="s1" name="Player">Player</stat>
</suite>
</statistics>
<errors>
</errors>
</robot>
